INFO:werkzeug:[31m[1mWARNING: This is a development server. Do not use it in a production deployment. Use a production WSGI server instead.[0m
 * Running on http://127.0.0.1:5000
INFO:werkzeug:[33mPress CTRL+C to quit[0m
INFO:werkzeug: * Restarting with watchdog (windowsapi)
WARNING:werkzeug: * Debugger is active!
INFO:werkzeug: * Debugger PIN: 138-116-307
INFO:werkzeug:[31m[1mWARNING: This is a development server. Do not use it in a production deployment. Use a production WSGI server instead.[0m
 * Running on http://127.0.0.1:5000
INFO:werkzeug:[33mPress CTRL+C to quit[0m
INFO:werkzeug: * Restarting with watchdog (windowsapi)
WARNING:werkzeug: * Debugger is active!
INFO:werkzeug: * Debugger PIN: 138-116-307
INFO:werkzeug:[31m[1mWARNING: This is a development server. Do not use it in a production deployment. Use a production WSGI server instead.[0m
 * Running on http://127.0.0.1:5000
INFO:werkzeug:[33mPress CTRL+C to quit[0m
INFO:werkzeug: * Restarting with watchdog (windowsapi)
WARNING:werkzeug: * Debugger is active!
INFO:werkzeug: * Debugger PIN: 138-116-307
INFO:werkzeug:[31m[1mWARNING: This is a development server. Do not use it in a production deployment. Use a production WSGI server instead.[0m
 * Running on http://127.0.0.1:5000
INFO:werkzeug:[33mPress CTRL+C to quit[0m
INFO:werkzeug: * Restarting with watchdog (windowsapi)
WARNING:werkzeug: * Debugger is active!
INFO:werkzeug: * Debugger PIN: 138-116-307
INFO:werkzeug:[31m[1mWARNING: This is a development server. Do not use it in a production deployment. Use a production WSGI server instead.[0m
 * Running on http://127.0.0.1:5000
INFO:werkzeug:[33mPress CTRL+C to quit[0m
INFO:werkzeug: * Restarting with watchdog (windowsapi)
WARNING:werkzeug: * Debugger is active!
INFO:werkzeug: * Debugger PIN: 138-116-307
INFO:werkzeug:[31m[1mWARNING: This is a development server. Do not use it in a production deployment. Use a production WSGI server instead.[0m
 * Running on http://127.0.0.1:5000
INFO:werkzeug:[33mPress CTRL+C to quit[0m
INFO:werkzeug: * Restarting with watchdog (windowsapi)
WARNING:werkzeug: * Debugger is active!
INFO:werkzeug: * Debugger PIN: 138-116-307
INFO:werkzeug:[31m[1mWARNING: This is a development server. Do not use it in a production deployment. Use a production WSGI server instead.[0m
 * Running on http://127.0.0.1:5000
INFO:werkzeug:[33mPress CTRL+C to quit[0m
INFO:werkzeug: * Restarting with watchdog (windowsapi)
WARNING:werkzeug: * Debugger is active!
INFO:werkzeug: * Debugger PIN: 138-116-307
INFO:werkzeug:[31m[1mWARNING: This is a development server. Do not use it in a production deployment. Use a production WSGI server instead.[0m
 * Running on http://127.0.0.1:5001
INFO:werkzeug:[33mPress CTRL+C to quit[0m
INFO:werkzeug: * Restarting with watchdog (windowsapi)
WARNING:werkzeug: * Debugger is active!
INFO:werkzeug: * Debugger PIN: 138-116-307
INFO:werkzeug:127.0.0.1 - - [06/Dec/2024 12:59:49] "GET / HTTP/1.1" 200 -
INFO:werkzeug:127.0.0.1 - - [06/Dec/2024 12:59:49] "GET /static/DevOPs%20beauty.jpg HTTP/1.1" 200 -
INFO:werkzeug:127.0.0.1 - - [06/Dec/2024 12:59:49] "[33mGET /favicon.ico HTTP/1.1[0m" 404 -
INFO:werkzeug:127.0.0.1 - - [06/Dec/2024 12:59:59] "[33mPOST /run-selenium HTTP/1.1[0m" 404 -
INFO:werkzeug: * Detected change in 'C:\\Users\\Muham\\AppData\\Local\\Programs\\Python\\Python311\\Lib\\site-packages\\validators\\btc_address.py', reloading
INFO:werkzeug: * Restarting with watchdog (windowsapi)
WARNING:werkzeug: * Debugger is active!
INFO:werkzeug: * Debugger PIN: 138-116-307
INFO:werkzeug: * Detected change in 'C:\\Users\\Muham\\AppData\\Roaming\\Python\\Python311\\site-packages\\IPython\\display.py', reloading
INFO:werkzeug: * Detected change in 'C:\\Users\\Muham\\AppData\\Roaming\\Python\\Python311\\site-packages\\IPython\\core\\display_functions.py', reloading
INFO:werkzeug: * Detected change in 'C:\\Users\\Muham\\AppData\\Roaming\\Python\\Python311\\site-packages\\IPython\\lib\\display.py', reloading
INFO:werkzeug: * Detected change in 'C:\\Users\\Muham\\AppData\\Roaming\\Python\\Python311\\site-packages\\IPython\\core\\display.py', reloading
INFO:werkzeug: * Detected change in 'C:\\Users\\Muham\\AppData\\Roaming\\Python\\Python311\\site-packages\\IPython\\testing\\skipdoctest.py', reloading
INFO:werkzeug: * Detected change in 'C:\\Users\\Muham\\AppData\\Roaming\\Python\\Python311\\site-packages\\pip\\_vendor\\pyparsing\\core.py', reloading
INFO:werkzeug: * Detected change in 'C:\\Users\\Muham\\AppData\\Roaming\\Python\\Python311\\site-packages\\pip\\_vendor\\packaging\\markers.py', reloading
INFO:werkzeug: * Restarting with watchdog (windowsapi)
WARNING:werkzeug: * Debugger is active!
INFO:werkzeug: * Debugger PIN: 138-116-307
INFO:werkzeug: * Detected change in 'C:\\Users\\Muham\\AppData\\Local\\Programs\\Python\\Python311\\Lib\\site-packages\\pandas\\io\\parsers\\readers.py', reloading
INFO:werkzeug: * Detected change in 'C:\\Users\\Muham\\AppData\\Local\\Programs\\Python\\Python311\\Lib\\site-packages\\pandas\\io\\common.py', reloading
INFO:werkzeug: * Detected change in 'C:\\Users\\Muham\\AppData\\Roaming\\Python\\Python311\\site-packages\\IPython\\core\\interactiveshell.py', reloading
